<?xml version="1.0" encoding="UTF-8"?>
<!-- Generated by org.testng.reporters.JUnitXMLReporter -->
<testsuite ignored="7" hostname="ST242GUR" failures="0" tests="15" name="Default test" time="0.776" errors="0" timestamp="2024-03-19T16:34:23 IST">
  <testcase classname="Base.BaseTest" name="@BeforeMethod initialize" time="-1.710846263409E9">
    <failure type="org.testng.TestNGException" message="
Parameter &amp;apos;browser&amp;apos; is required by BeforeMethod on method initialize but has not been marked @Optional or defined
in C:\Users\SharikaNarayananNamb\AppData\Local\Temp\testng-eclipse--630914678\testng-customsuite.xml">
      <![CDATA[org.testng.TestNGException: 
Parameter 'browser' is required by BeforeMethod on method initialize but has not been marked @Optional or defined
in C:\Users\SharikaNarayananNamb\AppData\Local\Temp\testng-eclipse--630914678\testng-customsuite.xml
at org.testng.internal.Parameters.createParams(Parameters.java:270)
at org.testng.internal.Parameters.createParametersForMethod(Parameters.java:358)
at org.testng.internal.Parameters.createParameters(Parameters.java:700)
at org.testng.internal.Parameters.createConfigurationParameters(Parameters.java:168)
at org.testng.internal.ConfigInvoker.invokeConfigurations(ConfigInvoker.java:302)
at org.testng.internal.TestInvoker.runConfigMethods(TestInvoker.java:700)
at org.testng.internal.TestInvoker.invokeMethod(TestInvoker.java:527)
at org.testng.internal.TestInvoker.invokeTestMethod(TestInvoker.java:173)
at org.testng.internal.MethodRunner.runInSequence(MethodRunner.java:46)
at org.testng.internal.TestInvoker$MethodInvocationAgent.invoke(TestInvoker.java:824)
at org.testng.internal.TestInvoker.invokeTestMethods(TestInvoker.java:146)
at org.testng.internal.TestMethodWorker.invokeTestMethods(TestMethodWorker.java:146)
at org.testng.internal.TestMethodWorker.run(TestMethodWorker.java:128)
at java.base/java.util.ArrayList.forEach(ArrayList.java:1596)
at org.testng.TestRunner.privateRun(TestRunner.java:794)
at org.testng.TestRunner.run(TestRunner.java:596)
at org.testng.SuiteRunner.runTest(SuiteRunner.java:377)
at org.testng.SuiteRunner.runSequentially(SuiteRunner.java:371)
at org.testng.SuiteRunner.privateRun(SuiteRunner.java:332)
at org.testng.SuiteRunner.run(SuiteRunner.java:276)
at org.testng.SuiteRunnerWorker.runSuite(SuiteRunnerWorker.java:53)
at org.testng.SuiteRunnerWorker.run(SuiteRunnerWorker.java:96)
at org.testng.TestNG.runSuitesSequentially(TestNG.java:1212)
at org.testng.TestNG.runSuitesLocally(TestNG.java:1134)
at org.testng.TestNG.runSuites(TestNG.java:1063)
at org.testng.TestNG.run(TestNG.java:1031)
at org.testng.remote.AbstractRemoteTestNG.run(AbstractRemoteTestNG.java:115)
at org.testng.remote.RemoteTestNG.initAndRun(RemoteTestNG.java:251)
at org.testng.remote.RemoteTestNG.main(RemoteTestNG.java:77)
]]>
    </failure>
  </testcase> <!-- @BeforeMethod initialize -->
  <testcase classname="Base.BaseTest" name="@AfterMethod afterMethod" time="-1.710846263441E9">
    <skipped/>
  </testcase> <!-- @AfterMethod afterMethod -->
  <testcase classname="Base.BaseTest" name="@BeforeMethod initialize" time="-1.710846263443E9">
    <skipped/>
  </testcase> <!-- @BeforeMethod initialize -->
  <testcase classname="Base.BaseTest" name="@AfterMethod afterMethod" time="-1.71084626345E9">
    <skipped/>
  </testcase> <!-- @AfterMethod afterMethod -->
  <testcase classname="Base.BaseTest" name="@BeforeMethod initialize" time="-1.710846263451E9">
    <skipped/>
  </testcase> <!-- @BeforeMethod initialize -->
  <testcase classname="Base.BaseTest" name="@AfterMethod afterMethod" time="-1.710846263456E9">
    <skipped/>
  </testcase> <!-- @AfterMethod afterMethod -->
  <testcase classname="Base.BaseTest" name="@BeforeMethod initialize" time="-1.710846263457E9">
    <skipped/>
  </testcase> <!-- @BeforeMethod initialize -->
  <testcase classname="Base.BaseTest" name="@AfterMethod afterMethod" time="-1.710846263462E9">
    <skipped/>
  </testcase> <!-- @AfterMethod afterMethod -->
  <testcase classname="Base.BaseTest" name="@BeforeMethod initialize" time="-1.710846263463E9">
    <skipped/>
  </testcase> <!-- @BeforeMethod initialize -->
  <testcase classname="Base.BaseTest" name="@AfterMethod afterMethod" time="-1.71084626347E9">
    <skipped/>
  </testcase> <!-- @AfterMethod afterMethod -->
  <testcase classname="Base.BaseTest" name="@BeforeMethod initialize" time="-1.710846263471E9">
    <skipped/>
  </testcase> <!-- @BeforeMethod initialize -->
  <testcase classname="Base.BaseTest" name="@AfterMethod afterMethod" time="-1.710846263475E9">
    <skipped/>
  </testcase> <!-- @AfterMethod afterMethod -->
  <testcase classname="Base.BaseTest" name="@BeforeMethod initialize" time="-1.710846263476E9">
    <skipped/>
  </testcase> <!-- @BeforeMethod initialize -->
  <testcase classname="Base.BaseTest" name="@AfterMethod afterMethod" time="-1.710846263481E9">
    <skipped/>
  </testcase> <!-- @AfterMethod afterMethod -->
  <testcase classname="Base.BaseTest" name="@BeforeMethod initialize" time="-1.710846263482E9">
    <skipped/>
  </testcase> <!-- @BeforeMethod initialize -->
  <testcase classname="Base.BaseTest" name="@AfterMethod afterMethod" time="-1.710846263486E9">
    <skipped/>
  </testcase> <!-- @AfterMethod afterMethod -->
  <testcase classname="Base.BaseTest" name="@BeforeMethod initialize" time="-1.710846263487E9">
    <skipped/>
  </testcase> <!-- @BeforeMethod initialize -->
  <testcase classname="Base.BaseTest" name="@AfterMethod afterMethod" time="-1.710846263491E9">
    <skipped/>
  </testcase> <!-- @AfterMethod afterMethod -->
  <testcase classname="Base.BaseTest" name="@BeforeMethod initialize" time="-1.710846263492E9">
    <skipped/>
  </testcase> <!-- @BeforeMethod initialize -->
  <testcase classname="Base.BaseTest" name="@AfterMethod afterMethod" time="-1.710846263496E9">
    <skipped/>
  </testcase> <!-- @AfterMethod afterMethod -->
  <testcase classname="Base.BaseTest" name="@BeforeMethod initialize" time="-1.710846263496E9">
    <skipped/>
  </testcase> <!-- @BeforeMethod initialize -->
  <testcase classname="Base.BaseTest" name="@AfterMethod afterMethod" time="-1.710846263501E9">
    <skipped/>
  </testcase> <!-- @AfterMethod afterMethod -->
  <testcase classname="Base.BaseTest" name="@BeforeMethod initialize" time="-1.710846263502E9">
    <skipped/>
  </testcase> <!-- @BeforeMethod initialize -->
  <testcase classname="Base.BaseTest" name="@AfterMethod afterMethod" time="-1.710846263505E9">
    <skipped/>
  </testcase> <!-- @AfterMethod afterMethod -->
  <testcase classname="Base.BaseTest" name="@BeforeMethod initialize" time="-1.710846263506E9">
    <skipped/>
  </testcase> <!-- @BeforeMethod initialize -->
  <testcase classname="Base.BaseTest" name="@AfterMethod afterMethod" time="-1.710846263509E9">
    <skipped/>
  </testcase> <!-- @AfterMethod afterMethod -->
  <testcase classname="Base.BaseTest" name="@BeforeMethod initialize" time="-1.71084626351E9">
    <skipped/>
  </testcase> <!-- @BeforeMethod initialize -->
  <testcase classname="Base.BaseTest" name="@AfterMethod afterMethod" time="-1.710846263512E9">
    <skipped/>
  </testcase> <!-- @AfterMethod afterMethod -->
  <testcase classname="Base.BaseTest" name="@BeforeMethod initialize" time="-1.710846263513E9">
    <skipped/>
  </testcase> <!-- @BeforeMethod initialize -->
  <testcase classname="Base.BaseTest" name="@AfterMethod afterMethod" time="-1.710846263517E9">
    <skipped/>
  </testcase> <!-- @AfterMethod afterMethod -->
  <testcase classname="testcases.Recruitment" name="TC08_Recruitment_RejectCandidateWithoutShortlist" time="0.0">
    <skipped/>
  </testcase> <!-- TC08_Recruitment_RejectCandidateWithoutShortlist -->
  <testcase classname="testcases.Recruitment" name="TC08_Recruitment_RejectCandidateWithoutShortlist" time="0.0">
    <skipped/>
  </testcase> <!-- TC08_Recruitment_RejectCandidateWithoutShortlist -->
  <testcase classname="testcases.Recruitment" name="TC08_Recruitment_RejectCandidateWithoutShortlist" time="0.0">
    <skipped/>
  </testcase> <!-- TC08_Recruitment_RejectCandidateWithoutShortlist -->
  <testcase classname="testcases.Recruitment" name="TC08_Recruitment_RejectCandidateWithoutShortlist" time="0.0">
    <skipped/>
  </testcase> <!-- TC08_Recruitment_RejectCandidateWithoutShortlist -->
  <testcase classname="testcases.Recruitment" name="TC08_Recruitment_RejectCandidateWithoutShortlist" time="0.0">
    <skipped/>
  </testcase> <!-- TC08_Recruitment_RejectCandidateWithoutShortlist -->
  <testcase classname="testcases.Recruitment" name="TC08_Recruitment_RejectCandidateWithoutShortlist" time="0.0">
    <skipped/>
  </testcase> <!-- TC08_Recruitment_RejectCandidateWithoutShortlist -->
  <testcase classname="testcases.Recruitment" name="TC08_Recruitment_RejectCandidateWithoutShortlist" time="0.0">
    <skipped/>
  </testcase> <!-- TC08_Recruitment_RejectCandidateWithoutShortlist -->
  <testcase classname="testcases.Recruitment" name="TC08_Recruitment_RejectCandidateWithoutShortlist" time="0.0">
    <skipped/>
  </testcase> <!-- TC08_Recruitment_RejectCandidateWithoutShortlist -->
  <testcase classname="testcases.Recruitment" name="TC08_Recruitment_RejectCandidateWithoutShortlist" time="0.0">
    <skipped/>
  </testcase> <!-- TC08_Recruitment_RejectCandidateWithoutShortlist -->
  <testcase classname="testcases.Recruitment" name="TC08_Recruitment_RejectCandidateWithoutShortlist" time="0.0">
    <skipped/>
  </testcase> <!-- TC08_Recruitment_RejectCandidateWithoutShortlist -->
  <testcase classname="testcases.Recruitment" name="TC08_Recruitment_RejectCandidateWithoutShortlist" time="0.0">
    <skipped/>
  </testcase> <!-- TC08_Recruitment_RejectCandidateWithoutShortlist -->
  <testcase classname="testcases.Recruitment" name="TC08_Recruitment_RejectCandidateWithoutShortlist" time="0.0">
    <skipped/>
  </testcase> <!-- TC08_Recruitment_RejectCandidateWithoutShortlist -->
  <testcase classname="testcases.Recruitment" name="TC08_Recruitment_RejectCandidateWithoutShortlist" time="0.0">
    <skipped/>
  </testcase> <!-- TC08_Recruitment_RejectCandidateWithoutShortlist -->
  <testcase classname="testcases.Recruitment" name="TC08_Recruitment_RejectCandidateWithoutShortlist" time="0.0">
    <skipped/>
  </testcase> <!-- TC08_Recruitment_RejectCandidateWithoutShortlist -->
  <testcase classname="testcases.Recruitment" name="TC08_Recruitment_RejectCandidateWithoutShortlist" time="0.0">
    <skipped/>
  </testcase> <!-- TC08_Recruitment_RejectCandidateWithoutShortlist -->
  <testcase classname="testcases.Recruitment" name="TC01_Recruitment_AddVacancy" time="0.0">
    <ignored/>
  </testcase> <!-- TC01_Recruitment_AddVacancy -->
  <testcase classname="testcases.Recruitment" name="TC06_Recruitment_HireCandidate" time="0.0">
    <ignored/>
  </testcase> <!-- TC06_Recruitment_HireCandidate -->
  <testcase classname="testcases.Recruitment" name="TC02_Recruitment_AddCandidate" time="0.0">
    <ignored/>
  </testcase> <!-- TC02_Recruitment_AddCandidate -->
  <testcase classname="testcases.Recruitment" name="TC03_Recruitment_ShortlistCandidate" time="0.0">
    <ignored/>
  </testcase> <!-- TC03_Recruitment_ShortlistCandidate -->
  <testcase classname="testcases.Recruitment" name="TC04_Recruitment_ScheduleInterviewForCandidate" time="0.0">
    <ignored/>
  </testcase> <!-- TC04_Recruitment_ScheduleInterviewForCandidate -->
  <testcase classname="testcases.Recruitment" name="TC07_Recruitment_MarkInterviewFailedAndRejectCandidate" time="0.0">
    <ignored/>
  </testcase> <!-- TC07_Recruitment_MarkInterviewFailedAndRejectCandidate -->
  <testcase classname="testcases.Recruitment" name="TC05_Recruitment_MarkInterviewPassedAndOfferJobToCandidate" time="0.0">
    <ignored/>
  </testcase> <!-- TC05_Recruitment_MarkInterviewPassedAndOfferJobToCandidate -->
</testsuite> <!-- Default test -->
