<?xml version="1.0" encoding="UTF-8"?>
<!-- Generated by org.testng.reporters.JUnitXMLReporter -->
<testsuite ignored="0" hostname="ST242GUR" failures="1" tests="19" name="Test" time="732.089" errors="0" timestamp="2024-03-12T18:09:44 IST">
  <testcase classname="testcases.Login" name="TC01_Login_ValidCredentials" time="8.32"/>
  <testcase classname="testcases.Login" name="TC02_Login_InvalidCredentials" time="7.528"/>
  <testcase classname="testcases.Login" name="TC02_Login_InvalidCredentials" time="6.865"/>
  <testcase classname="testcases.Login" name="TC02_Login_InvalidCredentials" time="6.76"/>
  <testcase classname="testcases.Admin" name="TC01_Admin_SearchUserByNameAndRole" time="211.475">
    <failure type="org.openqa.selenium.TimeoutException" message="Expected condition failed: waiting for visibility of element located by By.xpath: //span[text()=&amp;apos;(1) Record Found&amp;apos;] (tried for 200 second(s) with 500 milliseconds interval)">
      <![CDATA[org.openqa.selenium.TimeoutException: Expected condition failed: waiting for visibility of element located by By.xpath: //span[text()='(1) Record Found'] (tried for 200 second(s) with 500 milliseconds interval)
at org.openqa.selenium.support.ui.WebDriverWait.timeoutException(WebDriverWait.java:95)
at org.openqa.selenium.support.ui.FluentWait.until(FluentWait.java:272)
at helper.WebCtrls.isDisplayed(WebCtrls.java:175)
at pages.AdminPage.verifyUserCount(AdminPage.java:49)
at testcases.Admin.TC01_Admin_SearchUserByNameAndRole(Admin.java:63)
at java.base/java.util.ArrayList.forEach(ArrayList.java:1596)
Caused by: org.openqa.selenium.NoSuchElementException: no such element: Unable to locate element: {"method":"xpath","selector":"//span[text()='(1) Record Found']"}
  (Session info: chrome=122.0.6261.112)
For documentation on this error, please visit: https://www.seleniumhq.org/exceptions/no_such_element.html
Build info: version: '3.141.59', revision: 'e82be7d358', time: '2018-11-14T08:17:03'
System info: host: 'ST242GUR', ip: '192.168.29.53', os.name: 'Windows 11', os.arch: 'amd64', os.version: '10.0', java.version: '21.0.2'
Driver info: org.openqa.selenium.chrome.ChromeDriver
Capabilities {acceptInsecureCerts: false, browserName: chrome, browserVersion: 122.0.6261.112, chrome: {chromedriverVersion: 122.0.6261.111 (9d4c1072da6..., userDataDir: C:\Users\SHARIK~1\AppData\L...}, fedcm:accounts: true, goog:chromeOptions: {debuggerAddress: localhost:61868}, javascriptEnabled: true, networkConnectionEnabled: false, pageLoadStrategy: normal, platform: WINDOWS, platformName: WINDOWS, proxy: Proxy(), setWindowRect: true, strictFileInteractability: false, timeouts: {implicit: 0, pageLoad: 300000, script: 30000}, unhandledPromptBehavior: dismiss and notify, webauthn:extension:credBlob: true, webauthn:extension:largeBlob: true, webauthn:extension:minPinLength: true, webauthn:extension:prf: true, webauthn:virtualAuthenticators: true}
Session ID: aa282b30842fc3873208dd889c6756e6
*** Element info: {Using=xpath, value=//span[text()='(1) Record Found']}
at org.openqa.selenium.remote.http.W3CHttpResponseCodec.createException(W3CHttpResponseCodec.java:187)
at org.openqa.selenium.remote.http.W3CHttpResponseCodec.decode(W3CHttpResponseCodec.java:122)
at org.openqa.selenium.remote.http.W3CHttpResponseCodec.decode(W3CHttpResponseCodec.java:49)
at org.openqa.selenium.remote.HttpCommandExecutor.execute(HttpCommandExecutor.java:158)
at org.openqa.selenium.remote.service.DriverCommandExecutor.execute(DriverCommandExecutor.java:83)
at org.openqa.selenium.remote.RemoteWebDriver.execute(RemoteWebDriver.java:552)
at org.openqa.selenium.remote.RemoteWebDriver.findElement(RemoteWebDriver.java:323)
at org.openqa.selenium.remote.RemoteWebDriver.findElementByXPath(RemoteWebDriver.java:428)
at org.openqa.selenium.By$ByXPath.findElement(By.java:353)
at org.openqa.selenium.remote.RemoteWebDriver.findElement(RemoteWebDriver.java:315)
at org.openqa.selenium.support.ui.ExpectedConditions$7.apply(ExpectedConditions.java:205)
at org.openqa.selenium.support.ui.ExpectedConditions$7.apply(ExpectedConditions.java:201)
at org.openqa.selenium.support.ui.FluentWait.until(FluentWait.java:249)
... 29 more
... Removed 28 stack frames]]>
    </failure>
  </testcase> <!-- TC01_Admin_SearchUserByNameAndRole -->
  <testcase classname="testcases.Admin" name="TC02_Admin_CreateSystemUser" time="32.175"/>
  <testcase classname="testcases.Admin" name="TC03_Admin_LoginWithNewSystemUser" time="33.966"/>
  <testcase classname="testcases.Admin" name="TC04_Admin_CreateJobTitle" time="24.0"/>
  <testcase classname="testcases.Admin" name="TC05_Admin_CreateEmploymentStatus" time="20.709"/>
  <testcase classname="testcases.Admin" name="TC06_Admin_CreateJobCategory" time="21.654"/>
  <testcase classname="testcases.Admin" name="TC07_Admin_CreateWorkShift" time="23.811"/>
  <testcase classname="testcases.Admin" name="TC08_Admin_CreatePayGrade" time="25.801"/>
  <testcase classname="testcases.Dashboard" name="TC01_Dashboard_verifyDasboardMainMenus" time="9.903"/>
  <testcase classname="testcases.PIM" name="TC01_PIM_CreateEmployeeWithoutCreatingLoginDetails" time="31.579"/>
  <testcase classname="testcases.PIM" name="TC02_PIM_SearchEmployeeWithEmployeeId" time="29.854"/>
  <testcase classname="testcases.PIM" name="TC03_PIM_CreateEmployeeWithLoginDetails" time="48.337"/>
  <testcase classname="testcases.PIM" name="TC04_PIM_DeleteEmployee" time="48.799"/>
  <testcase classname="testcases.PIM" name="TC05_PIM_EditEmployeeName" time="56.415"/>
  <testcase classname="testcases.Time" name="TC01_Time_CreateTimesheet" time="44.436"/>
</testsuite> <!-- Test -->
