<?xml version="1.0" encoding="UTF-8"?>
<!-- Generated by org.testng.reporters.JUnitXMLReporter -->
<testsuite ignored="0" hostname="ST242GUR" failures="1" tests="8" name="Test" time="270.272" errors="0" timestamp="2024-04-15T11:42:50 IST">
  <testcase classname="testcases.Admin" name="TC01_Admin_SearchUserByNameAndRole" time="13.225">
    <failure type="java.lang.AssertionError" message="Number of records for selected user is not as expected expected [true] but found [false]">
      <![CDATA[java.lang.AssertionError: Number of records for selected user is not as expected expected [true] but found [false]
at pages.AdminPage.verifyUserCount(AdminPage.java:46)
at testcases.Admin.TC01_Admin_SearchUserByNameAndRole(Admin.java:58)
at java.base/java.util.ArrayList.forEach(ArrayList.java:1596)
... Removed 28 stack frames]]>
    </failure>
  </testcase> <!-- TC01_Admin_SearchUserByNameAndRole -->
  <testcase classname="testcases.Admin" name="TC02_Admin_CreateSystemUser" time="50.437"/>
  <testcase classname="testcases.Admin" name="TC03_Admin_LoginWithNewSystemUser" time="55.536"/>
  <testcase classname="testcases.Admin" name="TC04_Admin_CreateJobTitle" time="26.75"/>
  <testcase classname="testcases.Admin" name="TC05_Admin_CreateEmploymentStatus" time="24.504"/>
  <testcase classname="testcases.Admin" name="TC06_Admin_CreateJobCategory" time="24.383"/>
  <testcase classname="testcases.Admin" name="TC07_Admin_CreateWorkShift" time="30.64"/>
  <testcase classname="testcases.Admin" name="TC08_Admin_CreatePayGrade" time="29.491"/>
</testsuite> <!-- Test -->
