<?xml version="1.0" encoding="UTF-8"?>
<testng-results ignored="0" total="1" passed="1" failed="0" skipped="0">
  <reporter-output>
  </reporter-output>
  <suite started-at="2024-03-14T16:31:03 IST" name="Suite" finished-at="2024-03-14T16:32:00 IST" duration-ms="57054">
    <groups>
    </groups>
    <test started-at="2024-03-14T16:31:03 IST" name="Test" finished-at="2024-03-14T16:32:00 IST" duration-ms="57054">
      <class name="testcases.Recruitment">
        <test-method is-config="true" signature="initialize(java.lang.String,java.lang.reflect.Method)[pri:0, instance:testcases.Recruitment@3ecd267f]" started-at="2024-03-14T16:31:04 IST" name="initialize" finished-at="2024-03-14T16:31:05 IST" duration-ms="1661" status="PASS">
          <params>
            <param index="0">
              <value>
                <![CDATA[chrome]]>
              </value>
            </param>
            <param index="1">
              <value>
                <![CDATA[public void testcases.Recruitment.TC01_Recruitment_AddVacancy(java.util.Map) throws java.io.IOException]]>
              </value>
            </param>
          </params>
          <reporter-output>
          </reporter-output>
        </test-method> <!-- initialize -->
        <test-method signature="TC01_Recruitment_AddVacancy(java.util.Map)[pri:1, instance:testcases.Recruitment@3ecd267f]" started-at="2024-03-14T16:31:05 IST" name="TC01_Recruitment_AddVacancy" data-provider="Recruitment" finished-at="2024-03-14T16:31:59 IST" duration-ms="53782" status="PASS">
          <params>
            <param index="0">
              <value>
                <![CDATA[{EmployeeLastName=Shah, Status=Enabled, EmployeeFirstName=Priya, EmployeeMiddleName=Raj, Description=Collaborate closely with developers, product managers, and other members of the QA team to design and implement robust automation frameworks and test suites., VacancyStatus=Active, UserRole=Admin, UserPassword=R29vZHdpbGwxMjM0NQ==, VacancyName=QA Automation, NumOfPositions=5, JobTitle=QA Engineer}]]>
              </value>
            </param>
          </params>
          <reporter-output>
          </reporter-output>
        </test-method> <!-- TC01_Recruitment_AddVacancy -->
        <test-method is-config="true" signature="afterMethod(org.testng.ITestResult)[pri:0, instance:testcases.Recruitment@3ecd267f]" started-at="2024-03-14T16:31:59 IST" name="afterMethod" finished-at="2024-03-14T16:32:00 IST" duration-ms="656" status="PASS">
          <params>
            <param index="0">
              <value>
                <![CDATA[[TestResult name=TC01_Recruitment_AddVacancy status=SUCCESS method=Recruitment.TC01_Recruitment_AddVacancy(java.util.Map)[pri:1, instance:testcases.Recruitment@3ecd267f] output={null}]]]>
              </value>
            </param>
          </params>
          <reporter-output>
          </reporter-output>
        </test-method> <!-- afterMethod -->
      </class> <!-- testcases.Recruitment -->
    </test> <!-- Test -->
  </suite> <!-- Suite -->
</testng-results>
